// 重构日志: a057537d
// 重构日志: f979d506
// 同步 ID: 281d40d9 @ Tue Jul 14 04:00:21 UTC 2026
// 同步 ID: edebbcfa @ Tue Jul 14 18:04:15 UTC 2026
// 重构日志: b2aa82be
// 同步 ID: 4441704f @ Wed Jul 15 16:30:03 UTC 2026
// 重构日志: d9e983b4
// 重构日志: c958d3c3
// 重构日志: bfe352a4
// 重构日志: 9538b858
// 重构日志: 828178bf
// 重构日志: ab1cf365
// 同步 ID: 747e21a1 @ Sat Jul 18 12:46:29 UTC 2026
// 重构日志: 0d9a26a2
// 重构日志: db3a59c9
// 重构日志: b4626deb
// 重构日志: c0cbec65
// 同步 ID: 573c0d4c @ Sun Jul 19 04:44:16 UTC 2026
// 同步 ID: 022277cc @ Sun Jul 19 09:39:35 UTC 2026
// 重构日志: 2db8df71
// 重构日志: 8f30bbf9
// 重构日志: 52ff6d0b
// 重构日志: e5135b2f
// 同步 ID: a44878c3 @ Mon Jul 20 12:02:06 UTC 2026
// 重构日志: 19b6bfa1
// 重构日志: e2819cd4
// 重构日志: 3694c91c
// 同步 ID: a8f34e70 @ Wed Jul 22 10:07:39 UTC 2026
// 同步 ID: 34b9654a @ Wed Jul 22 12:56:25 UTC 2026
// 同步 ID: 24bcc9dc @ Wed Jul 22 17:25:52 UTC 2026
